Arguments: 
  C:\Program Files\nodejs\node.exe C:\Users\Admin\AppData\Roaming\npm\node_modules\yarn\bin\yarn.js start

PATH: 
  C:\Python27\;C:\Python27\Scripts;C:\Program Files (x86)\Common Files\Intel\Shared Libraries\redist\intel64\compiler;C:\Windows\system32;C:\Windows;C:\Windows\System32\Wbem;C:\Windows\System32\WindowsPowerShell\v1.0\;C:\Program Files (x86)\NVIDIA Corporation\PhysX\Common;C:\Program Files\Git\cmd;C:\ProgramData\chocolatey\bin;C:\Program Files\nodejs\;C:\Program Files\Java\jdk1.8.0_162\bin;;C:\ProgramData\chocolatey\lib\Elixir/bin;C:\Users\Admin\AppData\Local\Microsoft\WindowsApps;C:\Program Files\Microsoft VS Code\bin;C:\Users\Admin\AppData\Roaming\npm;C:\Users\Admin\AppData\Local\Android\Sdk\platform-tools;C:\ProgramData\chocolatey\lib\Elixir\bin;C:\PostgreSQL\bin;C:\Program Files\;

Yarn version: 
  1.5.1

Node version: 
  9.8.0

Platform: 
  win32 x64

npm manifest: 
  No manifest

yarn manifest: 
  No manifest

Lockfile: 
  No lockfile

Trace: 
  Error: Couldn't find a package.json file in "D:\\React\\Insta"
      at new MessageError (C:\Users\Admin\AppData\Roaming\npm\node_modules\yarn\lib\cli.js:186:110)
      at C:\Users\Admin\AppData\Roaming\npm\node_modules\yarn\lib\cli.js:40048:15
      at Generator.next (<anonymous>)
      at step (C:\Users\Admin\AppData\Roaming\npm\node_modules\yarn\lib\cli.js:98:30)
      at C:\Users\Admin\AppData\Roaming\npm\node_modules\yarn\lib\cli.js:109:13
      at <anonymous>
