#
# A fatal error has been detected by the Java Runtime Environment:
#
#  EXCEPTION_ACCESS_VIOLATION (0xc0000005) at pc=0x0000000073f1c159, pid=984, tid=0x0000000000002ea4
#
# JRE version: Java(TM) SE Runtime Environment (8.0_162-b12) (build 1.8.0_162-b12)
# Java VM: Java HotSpot(TM) 64-Bit Server VM (25.162-b12 mixed mode windows-amd64 compressed oops)
# Problematic frame:
# V  [jvm.dll+0x54c159]
#
# Failed to write core dump. Minidumps are not enabled by default on client versions of Windows
#
# If you would like to submit a bug report, please visit:
#   http://bugreport.java.com/bugreport/crash.jsp
#

---------------  T H R E A D  ---------------

Current thread (0x0000000019d73800):  JavaThread "C2 CompilerThread1" daemon [_thread_in_native, id=11940, stack(0x000000001b480000,0x000000001b580000)]

siginfo: ExceptionCode=0xc0000005, reading address 0x0000000874062f58

Registers:
RAX=0x0000000874062f08, RBX=0x0000000000000002, RCX=0x000000001d485ad0, RDX=0x000000001b57ca20
RSP=0x000000001b57c720, RBP=0x000000001b57c850, RSI=0x000000001d485a48, RDI=0x000000001b57f5e0
R8 =0x000000000000360e, R9 =0x0000000000000001, R10=0x000000001f250280, R11=0x0000000073fc91c8
R12=0x0000000000000000, R13=0x0000000000002a8d, R14=0x000000001b57edd0, R15=0x000000001d485a48
RIP=0x0000000073f1c159, EFLAGS=0x0000000000010202

Top of Stack: (sp=0x000000001b57c720)
0x000000001b57c720:   0000000000000001 000000001b57f638
0x000000001b57c730:   0000000000000000 0000000000002a7a
0x000000001b57c740:   000000001b57edd0 0000000073ecda27
0x000000001b57c750:   000000001b57f638 000000001b57f5e0
0x000000001b57c760:   000000001b57f5e0 000000001b57edd0
0x000000001b57c770:   0000000000000010 0000000000000006
0x000000001b57c780:   000000001d94f6e0 0000000000000106
0x000000001b57c790:   000000001e6886b0 0000000073e28517
0x000000001b57c7a0:   0000004b00002a8d 0000000100000008
0x000000001b57c7b0:   0000000000000106 ffffffff00000010
0x000000001b57c7c0:   000000000000004b 00000000000001f7
0x000000001b57c7d0:   0000000020affe30 0000000000000008
0x000000001b57c7e0:   000007c800002a7a 00000000000028f0
0x000000001b57c7f0:   000000001f9e8180 000000001b57edd0
0x000000001b57c800:   0000000000000000 0000000000000000
0x000000001b57c810:   000000001f9e8190 00000000000001f7 

Instructions: (pc=0x0000000073f1c159)
0x0000000073f1c139:   4f 68 c6 01 48 48 ff 47 68 eb 0e 48 8b 47 68 c6
0x0000000073f1c149:   00 49 48 ff 47 68 83 eb 08 48 8b 4e 50 48 8b 01
0x0000000073f1c159:   ff 50 50 48 83 f8 80 7c 1b 48 8b 4e 50 48 8b 01
0x0000000073f1c169:   ff 50 50 48 3d 80 00 00 00 7d 09 48 8b 47 68 c6 


Register to memory mapping:

RAX=0x0000000874062f08 is an unknown value
RBX=0x0000000000000002 is an unknown value
RCX=0x000000001d485ad0 is an unknown value
RDX=0x000000001b57ca20 is pointing into the stack for thread: 0x0000000019d73800
RSP=0x000000001b57c720 is pointing into the stack for thread: 0x0000000019d73800
RBP=0x000000001b57c850 is pointing into the stack for thread: 0x0000000019d73800
RSI=0x000000001d485a48 is an unknown value
RDI=0x000000001b57f5e0 is pointing into the stack for thread: 0x0000000019d73800
R8 =0x000000000000360e is an unknown value
R9 =0x0000000000000001 is an unknown value
R10=0x000000001f250280 is an unknown value
R11=0x0000000073fc91c8 is an unknown value
R12=0x0000000000000000 is an unknown value
R13=0x0000000000002a8d is an unknown value
R14=0x000000001b57edd0 is pointing into the stack for thread: 0x0000000019d73800
R15=0x000000001d485a48 is an unknown value


Stack: [0x000000001b480000,0x000000001b580000],  sp=0x000000001b57c720,  free space=1009k
Native frames: (J=compiled Java code, j=interpreted, Vv=VM code, C=native code)
V  [jvm.dll+0x54c159]
V  [jvm.dll+0x4fda27]
V  [jvm.dll+0x4fed2a]
V  [jvm.dll+0x475332]
V  [jvm.dll+0x477b07]
V  [jvm.dll+0x45a2b2]
V  [jvm.dll+0xa5f92]
V  [jvm.dll+0xa68df]
V  [jvm.dll+0x2454af]
V  [jvm.dll+0x29ce3a]
C  [msvcr100.dll+0x21d7b]
C  [msvcr100.dll+0x21e17]
C  [KERNEL32.DLL+0x11fe4]
C  [ntdll.dll+0x6f061]


Current CompileTask:
C2:   3746 2586       4       groovy.lang.MetaClassImpl::checkIfStdMethod (179 bytes)


---------------  P R O C E S S  ---------------

Java Threads: ( => current thread )
  0x0000000022904800 JavaThread "File lock request listener" [_thread_in_native, id=5736, stack(0x00000000219d0000,0x0000000021ad0000)]
  0x000000001d131000 JavaThread "pool-1-thread-1" [_thread_in_native, id=7864, stack(0x000000001c520000,0x000000001c620000)]
  0x0000000019d7e000 JavaThread "Service Thread" daemon [_thread_blocked, id=12520, stack(0x000000001ba80000,0x000000001bb80000)]
  0x0000000019d7a800 JavaThread "C1 CompilerThread2" daemon [_thread_blocked, id=11852, stack(0x000000001b980000,0x000000001ba80000)]
=>0x0000000019d73800 JavaThread "C2 CompilerThread1" daemon [_thread_in_native, id=11940, stack(0x000000001b480000,0x000000001b580000)]
  0x0000000019d21800 JavaThread "C2 CompilerThread0" daemon [_thread_in_native, id=6052, stack(0x000000001b380000,0x000000001b480000)]
  0x0000000019d1f800 JavaThread "Attach Listener" daemon [_thread_blocked, id=3556, stack(0x000000001b280000,0x000000001b380000)]
  0x0000000019d1a800 JavaThread "Signal Dispatcher" daemon [_thread_blocked, id=12104, stack(0x000000001b180000,0x000000001b280000)]
  0x0000000019d0a800 JavaThread "Finalizer" daemon [_thread_blocked, id=7520, stack(0x000000001af90000,0x000000001b090000)]
  0x0000000005152000 JavaThread "Reference Handler" daemon [_thread_blocked, id=1692, stack(0x000000001ae90000,0x000000001af90000)]
  0x0000000004e5e800 JavaThread "main" [_thread_in_vm, id=6096, stack(0x0000000004f60000,0x0000000005060000)]

Other Threads:
  0x0000000019ce6800 VMThread [stack: 0x000000001ad90000,0x000000001ae90000] [id=7328]
  0x000000001b5a2000 WatcherThread [stack: 0x000000001bb80000,0x000000001bc80000] [id=4472]

VM state:not at safepoint (normal execution)

VM Mutex/Monitor currently owned by a thread: None

Heap:
 PSYoungGen      total 122368K, used 61536K [0x00000000d5900000, 0x00000000dec00000, 0x0000000100000000)
  eden space 115712K, 47% used [0x00000000d5900000,0x00000000d8ecc410,0x00000000dca00000)
  from space 6656K, 96% used [0x00000000de580000,0x00000000debcbf30,0x00000000dec00000)
  to   space 10240K, 0% used [0x00000000dd800000,0x00000000dd800000,0x00000000de200000)
 ParOldGen       total 56832K, used 10184K [0x0000000080a00000, 0x0000000084180000, 0x00000000d5900000)
  object space 56832K, 17% used [0x0000000080a00000,0x00000000813f22a8,0x0000000084180000)
 Metaspace       used 29065K, capacity 29754K, committed 30208K, reserved 1075200K
  class space    used 4012K, capacity 4241K, committed 4352K, reserved 1048576K

Card table byte_map: [0x0000000014520000,0x0000000014920000] byte_map_base: 0x000000001411b000

Marking Bits: (ParMarkBitMap*) 0x00000000741f0860
 Begin Bits: [0x0000000014fd0000, 0x0000000016fa8000)
 End Bits:   [0x0000000016fa8000, 0x0000000018f80000)

Polling page: 0x00000000035a0000

CodeCache: size=245760Kb used=9956Kb max_used=9956Kb free=235803Kb
 bounds [0x0000000005160000, 0x0000000005b20000, 0x0000000014160000]
 total_blobs=3281 nmethods=2628 adapters=563
 compilation: enabled

Compilation events (10 events):
Event: 3.568 Thread 0x0000000019d7a800 2634       1       org.gradle.util.Path::getPath (5 bytes)
Event: 3.568 Thread 0x0000000019d7a800 nmethod 2634 0x0000000005af5e10 code [0x0000000005af5f60, 0x0000000005af6070]
Event: 3.571 Thread 0x0000000019d7a800 2635       3       com.google.common.collect.MapMakerInternalMap$StrongEntry::setValueReference (18 bytes)
Event: 3.571 Thread 0x0000000019d7a800 nmethod 2635 0x0000000005af60d0 code [0x0000000005af6240, 0x0000000005af6488]
Event: 3.584 Thread 0x0000000019d7a800 2636       3       com.google.common.collect.MapMakerInternalMap$Segment::getLiveEntry (42 bytes)
Event: 3.584 Thread 0x0000000019d7a800 nmethod 2636 0x0000000005af6550 code [0x0000000005af6780, 0x0000000005af77e8]
Event: 3.599 Thread 0x0000000019d7a800 2637       1       com.google.common.collect.MapMakerInternalMap$StrongEntry::getValueReference (5 bytes)
Event: 3.599 Thread 0x0000000019d7a800 nmethod 2637 0x0000000005af8010 code [0x0000000005af8160, 0x0000000005af8270]
Event: 3.607 Thread 0x0000000019d7a800 2638       3       org.gradle.internal.classloader.FilteringClassLoader::classAllowed (116 bytes)
Event: 3.607 Thread 0x0000000019d7a800 nmethod 2638 0x0000000005af82d0 code [0x0000000005af8520, 0x0000000005af9438]

GC Heap History (10 events):
Event: 1.576 GC heap before
{Heap before GC invocations=3 (full 0):
 PSYoungGen      total 38400K, used 38379K [0x00000000d5900000, 0x00000000d8380000, 0x0000000100000000)
  eden space 33280K, 100% used [0x00000000d5900000,0x00000000d7980000,0x00000000d7980000)
  from space 5120K, 99% used [0x00000000d7e80000,0x00000000d837ae38,0x00000000d8380000)
  to   space 5120K, 0% used [0x00000000d7980000,0x00000000d7980000,0x00000000d7e80000)
 ParOldGen       total 87552K, used 237K [0x0000000080a00000, 0x0000000085f80000, 0x00000000d5900000)
  object space 87552K, 0% used [0x0000000080a00000,0x0000000080a3b478,0x0000000085f80000)
 Metaspace       used 17303K, capacity 17542K, committed 17920K, reserved 1064960K
  class space    used 2377K, capacity 2476K, committed 2560K, reserved 1048576K
Event: 1.590 GC heap after
Heap after GC invocations=3 (full 0):
 PSYoungGen      total 38400K, used 5104K [0x00000000d5900000, 0x00000000da400000, 0x0000000100000000)
  eden space 33280K, 0% used [0x00000000d5900000,0x00000000d5900000,0x00000000d7980000)
  from space 5120K, 99% used [0x00000000d7980000,0x00000000d7e7c050,0x00000000d7e80000)
  to   space 5120K, 0% used [0x00000000d9f00000,0x00000000d9f00000,0x00000000da400000)
 ParOldGen       total 87552K, used 4443K [0x0000000080a00000, 0x0000000085f80000, 0x00000000d5900000)
  object space 87552K, 5% used [0x0000000080a00000,0x0000000080e56ce0,0x0000000085f80000)
 Metaspace       used 17303K, capacity 17542K, committed 17920K, reserved 1064960K
  class space    used 2377K, capacity 2476K, committed 2560K, reserved 1048576K
}
Event: 1.925 GC heap before
{Heap before GC invocations=4 (full 0):
 PSYoungGen      total 38400K, used 38384K [0x00000000d5900000, 0x00000000da400000, 0x0000000100000000)
  eden space 33280K, 100% used [0x00000000d5900000,0x00000000d7980000,0x00000000d7980000)
  from space 5120K, 99% used [0x00000000d7980000,0x00000000d7e7c050,0x00000000d7e80000)
  to   space 5120K, 0% used [0x00000000d9f00000,0x00000000d9f00000,0x00000000da400000)
 ParOldGen       total 87552K, used 4443K [0x0000000080a00000, 0x0000000085f80000, 0x00000000d5900000)
  object space 87552K, 5% used [0x0000000080a00000,0x0000000080e56ce0,0x0000000085f80000)
 Metaspace       used 20619K, capacity 20856K, committed 21120K, reserved 1067008K
  class space    used 2831K, capacity 2896K, committed 2944K, reserved 1048576K
Event: 1.935 GC heap after
Heap after GC invocations=4 (full 0):
 PSYoungGen      total 71680K, used 5104K [0x00000000d5900000, 0x00000000da400000, 0x0000000100000000)
  eden space 66560K, 0% used [0x00000000d5900000,0x00000000d5900000,0x00000000d9a00000)
  from space 5120K, 99% used [0x00000000d9f00000,0x00000000da3fc040,0x00000000da400000)
  to   space 5120K, 0% used [0x00000000d9a00000,0x00000000d9a00000,0x00000000d9f00000)
 ParOldGen       total 87552K, used 8429K [0x0000000080a00000, 0x0000000085f80000, 0x00000000d5900000)
  object space 87552K, 9% used [0x0000000080a00000,0x000000008123b7e8,0x0000000085f80000)
 Metaspace       used 20619K, capacity 20856K, committed 21120K, reserved 1067008K
  class space    used 2831K, capacity 2896K, committed 2944K, reserved 1048576K
}
Event: 1.965 GC heap before
{Heap before GC invocations=5 (full 0):
 PSYoungGen      total 71680K, used 8130K [0x00000000d5900000, 0x00000000da400000, 0x0000000100000000)
  eden space 66560K, 4% used [0x00000000d5900000,0x00000000d5bf47d8,0x00000000d9a00000)
  from space 5120K, 99% used [0x00000000d9f00000,0x00000000da3fc040,0x00000000da400000)
  to   space 5120K, 0% used [0x00000000d9a00000,0x00000000d9a00000,0x00000000d9f00000)
 ParOldGen       total 87552K, used 8429K [0x0000000080a00000, 0x0000000085f80000, 0x00000000d5900000)
  object space 87552K, 9% used [0x0000000080a00000,0x000000008123b7e8,0x0000000085f80000)
 Metaspace       used 20940K, capacity 21156K, committed 21296K, reserved 1067008K
  class space    used 2871K, capacity 2932K, committed 2944K, reserved 1048576K
Event: 1.972 GC heap after
Heap after GC invocations=5 (full 0):
 PSYoungGen      total 71680K, used 5104K [0x00000000d5900000, 0x00000000df000000, 0x0000000100000000)
  eden space 66560K, 0% used [0x00000000d5900000,0x00000000d5900000,0x00000000d9a00000)
  from space 5120K, 99% used [0x00000000d9a00000,0x00000000d9efc020,0x00000000d9f00000)
  to   space 10752K, 0% used [0x00000000de580000,0x00000000de580000,0x00000000df000000)
 ParOldGen       total 87552K, used 8915K [0x0000000080a00000, 0x0000000085f80000, 0x00000000d5900000)
  object space 87552K, 10% used [0x0000000080a00000,0x00000000812b4da8,0x0000000085f80000)
 Metaspace       used 20940K, capacity 21156K, committed 21296K, reserved 1067008K
  class space    used 2871K, capacity 2932K, committed 2944K, reserved 1048576K
}
Event: 1.972 GC heap before
{Heap before GC invocations=6 (full 1):
 PSYoungGen      total 71680K, used 5104K [0x00000000d5900000, 0x00000000df000000, 0x0000000100000000)
  eden space 66560K, 0% used [0x00000000d5900000,0x00000000d5900000,0x00000000d9a00000)
  from space 5120K, 99% used [0x00000000d9a00000,0x00000000d9efc020,0x00000000d9f00000)
  to   space 10752K, 0% used [0x00000000de580000,0x00000000de580000,0x00000000df000000)
 ParOldGen       total 87552K, used 8915K [0x0000000080a00000, 0x0000000085f80000, 0x00000000d5900000)
  object space 87552K, 10% used [0x0000000080a00000,0x00000000812b4da8,0x0000000085f80000)
 Metaspace       used 20940K, capacity 21156K, committed 21296K, reserved 1067008K
  class space    used 2871K, capacity 2932K, committed 2944K, reserved 1048576K
Event: 2.005 GC heap after
Heap after GC invocations=6 (full 1):
 PSYoungGen      total 71680K, used 0K [0x00000000d5900000, 0x00000000df000000, 0x0000000100000000)
  eden space 66560K, 0% used [0x00000000d5900000,0x00000000d5900000,0x00000000d9a00000)
  from space 5120K, 0% used [0x00000000d9a00000,0x00000000d9a00000,0x00000000d9f00000)
  to   space 10752K, 0% used [0x00000000de580000,0x00000000de580000,0x00000000df000000)
 ParOldGen       total 56832K, used 10176K [0x0000000080a00000, 0x0000000084180000, 0x00000000d5900000)
  object space 56832K, 17% used [0x0000000080a00000,0x00000000813f02a8,0x0000000084180000)
 Metaspace       used 20940K, capacity 21156K, committed 21296K, reserved 1067008K
  class space    used 2871K, capacity 2932K, committed 2944K, reserved 1048576K
}
Event: 2.676 GC heap before
{Heap before GC invocations=7 (full 1):
 PSYoungGen      total 71680K, used 66560K [0x00000000d5900000, 0x00000000df000000, 0x0000000100000000)
  eden space 66560K, 100% used [0x00000000d5900000,0x00000000d9a00000,0x00000000d9a00000)
  from space 5120K, 0% used [0x00000000d9a00000,0x00000000d9a00000,0x00000000d9f00000)
  to   space 10752K, 0% used [0x00000000de580000,0x00000000de580000,0x00000000df000000)
 ParOldGen       total 56832K, used 10176K [0x0000000080a00000, 0x0000000084180000, 0x00000000d5900000)
  object space 56832K, 17% used [0x0000000080a00000,0x00000000813f02a8,0x0000000084180000)
 Metaspace       used 26620K, capacity 27052K, committed 27520K, reserved 1073152K
  class space    used 3721K, capacity 3855K, committed 3968K, reserved 1048576K
Event: 2.682 GC heap after
Heap after GC invocations=7 (full 1):
 PSYoungGen      total 122368K, used 6447K [0x00000000d5900000, 0x00000000dec00000, 0x0000000100000000)
  eden space 115712K, 0% used [0x00000000d5900000,0x00000000d5900000,0x00000000dca00000)
  from space 6656K, 96% used [0x00000000de580000,0x00000000debcbf30,0x00000000dec00000)
  to   space 10240K, 0% used [0x00000000dd800000,0x00000000dd800000,0x00000000de200000)
 ParOldGen       total 56832K, used 10184K [0x0000000080a00000, 0x0000000084180000, 0x00000000d5900000)
  object space 56832K, 17% used [0x0000000080a00000,0x00000000813f22a8,0x0000000084180000)
 Metaspace       used 26620K, capacity 27052K, committed 27520K, reserved 1073152K
  class space    used 3721K, capacity 3855K, committed 3968K, reserved 1048576K
}

Deoptimization events (10 events):
Event: 2.729 Thread 0x0000000004e5e800 Uncommon trap: reason=predicate action=maybe_recompile pc=0x00000000058bae74 method=java.util.AbstractCollection.toArray([Ljava/lang/Object;)[Ljava/lang/Object; @ 49
Event: 2.733 Thread 0x0000000004e5e800 Uncommon trap: reason=array_check action=maybe_recompile pc=0x00000000058c1dd4 method=java.util.AbstractCollection.toArray([Ljava/lang/Object;)[Ljava/lang/Object; @ 119
Event: 2.733 Thread 0x0000000004e5e800 Uncommon trap: reason=array_check action=maybe_recompile pc=0x00000000058c1dd4 method=java.util.AbstractCollection.toArray([Ljava/lang/Object;)[Ljava/lang/Object; @ 119
Event: 2.733 Thread 0x0000000004e5e800 Uncommon trap: reason=array_check action=maybe_recompile pc=0x00000000058c1dd4 method=java.util.AbstractCollection.toArray([Ljava/lang/Object;)[Ljava/lang/Object; @ 119
Event: 2.733 Thread 0x0000000004e5e800 Uncommon trap: reason=array_check action=maybe_recompile pc=0x00000000058c1dd4 method=java.util.AbstractCollection.toArray([Ljava/lang/Object;)[Ljava/lang/Object; @ 119
Event: 3.443 Thread 0x0000000004e5e800 Uncommon trap: reason=bimorphic action=maybe_recompile pc=0x00000000057ba788 method=java.lang.ClassLoader.getPackage(Ljava/lang/String;)Ljava/lang/Package; @ 47
Event: 3.445 Thread 0x0000000004e5e800 Uncommon trap: reason=bimorphic action=maybe_recompile pc=0x00000000057ba788 method=java.lang.ClassLoader.getPackage(Ljava/lang/String;)Ljava/lang/Package; @ 47
Event: 3.445 Thread 0x0000000004e5e800 Uncommon trap: reason=bimorphic action=maybe_recompile pc=0x00000000057ba788 method=java.lang.ClassLoader.getPackage(Ljava/lang/String;)Ljava/lang/Package; @ 47
Event: 3.446 Thread 0x0000000004e5e800 Uncommon trap: reason=bimorphic action=maybe_recompile pc=0x00000000057ba788 method=java.lang.ClassLoader.getPackage(Ljava/lang/String;)Ljava/lang/Package; @ 47
Event: 3.446 Thread 0x0000000004e5e800 Uncommon trap: reason=bimorphic action=maybe_recompile pc=0x0000000005791da0 method=java.lang.ClassLoader.getPackage(Ljava/lang/String;)Ljava/lang/Package; @ 47

Classes redefined (0 events):
No events

Internal exceptions (10 events):
Event: 3.250 Thread 0x0000000004e5e800 Exception <a 'java/lang/ClassNotFoundException': org/gradle/api/internal/DefaultNamedDomainObjectSetCustomizer> (0x00000000d7bf62e8) thrown at [C:\re\workspace\8-2-build-windows-amd64-cygwin\jdk8u162\10278\hotspot\src\share\vm\classfile\systemDictionary.c
Event: 3.256 Thread 0x0000000004e5e800 Exception <a 'java/lang/ClassNotFoundException': org/gradle/api/internal/AbstractNamedDomainObjectContainerCustomizer> (0x00000000d7c42e38) thrown at [C:\re\workspace\8-2-build-windows-amd64-cygwin\jdk8u162\10278\hotspot\src\share\vm\classfile\systemDicti
Event: 3.259 Thread 0x0000000004e5e800 Exception <a 'java/lang/ClassNotFoundException': org/gradle/api/internal/artifacts/configurations/DefaultConfigurationContainerCustomizer> (0x00000000d7ca3c98) thrown at [C:\re\workspace\8-2-build-windows-amd64-cygwin\jdk8u162\10278\hotspot\src\share\vm\c
Event: 3.268 Thread 0x0000000004e5e800 Exception <a 'java/lang/ClassNotFoundException': org/gradle/api/internal/artifacts/configurations/DefaultConfigurationContainer_DecoratedCustomizer> (0x00000000d7d0e2b0) thrown at [C:\re\workspace\8-2-build-windows-amd64-cygwin\jdk8u162\10278\hotspot\src\
Event: 3.437 Thread 0x0000000004e5e800 Exception <a 'java/lang/ClassNotFoundException': build_o9cbp5lrbk0mdo60vbani3o1BeanInfo> (0x00000000d7eb5198) thrown at [C:\re\workspace\8-2-build-windows-amd64-cygwin\jdk8u162\10278\hotspot\src\share\vm\classfile\systemDictionary.cpp, line 210]
Event: 3.437 Thread 0x0000000004e5e800 Exception <a 'java/lang/ClassNotFoundException': build_o9cbp5lrbk0mdo60vbani3o1Customizer> (0x00000000d7ec3c48) thrown at [C:\re\workspace\8-2-build-windows-amd64-cygwin\jdk8u162\10278\hotspot\src\share\vm\classfile\systemDictionary.cpp, line 210]
Event: 3.440 Thread 0x0000000004e5e800 Exception <a 'java/lang/ClassNotFoundException': org/gradle/api/internal/plugins/DefaultObjectConfigurationActionBeanInfo> (0x00000000d7f18120) thrown at [C:\re\workspace\8-2-build-windows-amd64-cygwin\jdk8u162\10278\hotspot\src\share\vm\classfile\systemD
Event: 3.440 Thread 0x0000000004e5e800 Exception <a 'java/lang/ClassNotFoundException': org/gradle/api/internal/plugins/DefaultObjectConfigurationActionCustomizer> (0x00000000d7f44428) thrown at [C:\re\workspace\8-2-build-windows-amd64-cygwin\jdk8u162\10278\hotspot\src\share\vm\classfile\syste
Event: 3.441 Thread 0x0000000004e5e800 Exception <a 'java/lang/ClassNotFoundException': org/gradle/api/plugins/ObjectConfigurationActionBeanInfo> (0x00000000d7f7ec50) thrown at [C:\re\workspace\8-2-build-windows-amd64-cygwin\jdk8u162\10278\hotspot\src\share\vm\classfile\systemDictionary.cpp, l
Event: 3.442 Thread 0x0000000004e5e800 Exception <a 'java/lang/ClassNotFoundException': org/gradle/api/plugins/ObjectConfigurationActionCustomizer> (0x00000000d7fa40b0) thrown at [C:\re\workspace\8-2-build-windows-amd64-cygwin\jdk8u162\10278\hotspot\src\share\vm\classfile\systemDictionary.cpp,

Events (10 events):
Event: 3.679 loading class com/google/gson/internal/bind/DateTypeAdapter$1
Event: 3.679 loading class com/google/gson/internal/bind/DateTypeAdapter$1 done
Event: 3.679 loading class com/google/gson/internal/bind/TimeTypeAdapter
Event: 3.679 loading class com/google/gson/internal/bind/TimeTypeAdapter done
Event: 3.680 loading class com/google/gson/internal/bind/TimeTypeAdapter$1
Event: 3.680 loading class com/google/gson/internal/bind/TimeTypeAdapter$1 done
Event: 3.680 loading class com/google/gson/internal/bind/SqlDateTypeAdapter
Event: 3.680 loading class com/google/gson/internal/bind/SqlDateTypeAdapter done
Event: 3.680 loading class com/google/gson/internal/bind/SqlDateTypeAdapter$1
Event: 3.680 loading class com/google/gson/internal/bind/SqlDateTypeAdapter$1 done


Dynamic libraries:
0x00007ff733bd0000 - 0x00007ff733c07000 	C:\Program Files\Java\jdk1.8.0_162\bin\java.exe
0x00007ffbb8560000 - 0x00007ffbb8740000 	C:\Windows\SYSTEM32\ntdll.dll
0x00007ffbb6190000 - 0x00007ffbb623e000 	C:\Windows\System32\KERNEL32.DLL
0x00007ffbb55d0000 - 0x00007ffbb5836000 	C:\Windows\System32\KERNELBASE.dll
0x00007ffbb7e10000 - 0x00007ffbb7eb1000 	C:\Windows\System32\ADVAPI32.dll
0x00007ffbb6740000 - 0x00007ffbb67dd000 	C:\Windows\System32\msvcrt.dll
0x00007ffbb7fd0000 - 0x00007ffbb802b000 	C:\Windows\System32\sechost.dll
0x00007ffbb8030000 - 0x00007ffbb814f000 	C:\Windows\System32\RPCRT4.dll
0x00007ffbb6240000 - 0x00007ffbb63cf000 	C:\Windows\System32\USER32.dll
0x00007ffbb58c0000 - 0x00007ffbb58e0000 	C:\Windows\System32\win32u.dll
0x00007ffbb8150000 - 0x00007ffbb8178000 	C:\Windows\System32\GDI32.dll
0x00007ffbb4960000 - 0x00007ffbb4af3000 	C:\Windows\System32\gdi32full.dll
0x00007ffbb5990000 - 0x00007ffbb5a2b000 	C:\Windows\System32\msvcp_win.dll
0x00007ffbb4b50000 - 0x00007ffbb4c46000 	C:\Windows\System32\ucrtbase.dll
0x00007ffba5800000 - 0x00007ffba5a69000 	C:\Windows\WinSxS\amd64_microsoft.windows.common-controls_6595b64144ccf1df_6.0.16299.371_none_15c7d1789365a290\COMCTL32.dll
0x00007ffbb6430000 - 0x00007ffbb6738000 	C:\Windows\System32\combase.dll
0x00007ffbb5840000 - 0x00007ffbb58b2000 	C:\Windows\System32\bcryptPrimitives.dll
0x00007ffbb6010000 - 0x00007ffbb603d000 	C:\Windows\System32\IMM32.DLL
0x0000000074270000 - 0x0000000074341000 	C:\Program Files\Java\jdk1.8.0_162\jre\bin\msvcr100.dll
0x00000000739d0000 - 0x0000000074270000 	C:\Program Files\Java\jdk1.8.0_162\jre\bin\server\jvm.dll
0x00007ffbb7f90000 - 0x00007ffbb7f98000 	C:\Windows\System32\PSAPI.DLL
0x00007ffba8840000 - 0x00007ffba8863000 	C:\Windows\SYSTEM32\WINMM.dll
0x00007ffbaf760000 - 0x00007ffbaf769000 	C:\Windows\SYSTEM32\WSOCK32.dll
0x00007ffbb0300000 - 0x00007ffbb030a000 	C:\Windows\SYSTEM32\VERSION.dll
0x00007ffbb6950000 - 0x00007ffbb69bc000 	C:\Windows\System32\WS2_32.dll
0x00007ffba8810000 - 0x00007ffba883a000 	C:\Windows\SYSTEM32\winmmbase.dll
0x00007ffbb4b00000 - 0x00007ffbb4b4a000 	C:\Windows\System32\cfgmgr32.dll
0x00000000739c0000 - 0x00000000739cf000 	C:\Program Files\Java\jdk1.8.0_162\jre\bin\verify.dll
0x0000000073990000 - 0x00000000739b9000 	C:\Program Files\Java\jdk1.8.0_162\jre\bin\java.dll
0x0000000073970000 - 0x0000000073986000 	C:\Program Files\Java\jdk1.8.0_162\jre\bin\zip.dll
0x00007ffbb69c0000 - 0x00007ffbb7df6000 	C:\Windows\System32\SHELL32.dll
0x00007ffbb83e0000 - 0x00007ffbb8486000 	C:\Windows\System32\shcore.dll
0x00007ffbb4cb0000 - 0x00007ffbb53f7000 	C:\Windows\System32\windows.storage.dll
0x00007ffbb8380000 - 0x00007ffbb83d1000 	C:\Windows\System32\shlwapi.dll
0x00007ffbb4940000 - 0x00007ffbb4951000 	C:\Windows\System32\kernel.appcore.dll
0x00007ffbb48f0000 - 0x00007ffbb493c000 	C:\Windows\System32\powrprof.dll
0x00007ffbb48b0000 - 0x00007ffbb48cb000 	C:\Windows\System32\profapi.dll
0x0000000073950000 - 0x000000007396a000 	C:\Program Files\Java\jdk1.8.0_162\jre\bin\net.dll
0x00007ffbb4140000 - 0x00007ffbb41a6000 	C:\Windows\system32\mswsock.dll
0x0000000073930000 - 0x0000000073941000 	C:\Program Files\Java\jdk1.8.0_162\jre\bin\nio.dll
0x00007ffba1940000 - 0x00007ffba1952000 	C:\Users\builehieu\.gradle\native\19\windows-amd64\native-platform.dll
0x0000000180000000 - 0x0000000180037000 	C:\Users\builehieu\.gradle\native\jna\win32-amd64\jnidispatch.dll
0x00007ffbb4300000 - 0x00007ffbb4317000 	C:\Windows\SYSTEM32\CRYPTSP.dll
0x00007ffbb3d40000 - 0x00007ffbb3d73000 	C:\Windows\system32\rsaenh.dll
0x00007ffbb4410000 - 0x00007ffbb4435000 	C:\Windows\SYSTEM32\bcrypt.dll
0x00007ffbb47b0000 - 0x00007ffbb47d9000 	C:\Windows\SYSTEM32\USERENV.dll
0x00007ffbb4320000 - 0x00007ffbb432b000 	C:\Windows\SYSTEM32\CRYPTBASE.dll
0x00007ffbb3ed0000 - 0x00007ffbb3f09000 	C:\Windows\SYSTEM32\IPHLPAPI.DLL
0x00007ffbb7fa0000 - 0x00007ffbb7fa8000 	C:\Windows\System32\NSI.dll
0x00007ffbb0db0000 - 0x00007ffbb0dc6000 	C:\Windows\SYSTEM32\dhcpcsvc6.DLL
0x00007ffbb0cd0000 - 0x00007ffbb0cea000 	C:\Windows\SYSTEM32\dhcpcsvc.DLL
0x0000000073920000 - 0x000000007392d000 	C:\Program Files\Java\jdk1.8.0_162\jre\bin\management.dll
0x00007ffbb04d0000 - 0x00007ffbb0698000 	C:\Windows\SYSTEM32\dbghelp.dll

VM Arguments:
jvm_args: -Dorg.gradle.appname=gradlew 
java_command: org.gradle.wrapper.GradleWrapperMain installDebug
java_class_path (initial): D:\React\Insta\instagram_app\android\\gradle\wrapper\gradle-wrapper.jar
Launcher Type: SUN_STANDARD

Environment Variables:
JAVA_HOME=C:\Program Files\Java\jdk1.8.0_162
CLASSPATH=D:\React\Insta\instagram_app\android\\gradle\wrapper\gradle-wrapper.jar
PATH=C:\Python27\;C:\Python27\Scripts;C:\Windows\system32;C:\Windows;C:\Windows\System32\Wbem;C:\Windows\System32\WindowsPowerShell\v1.0\;C:\Program Files\Git\cmd;C:\ProgramData\chocolatey\bin;C:\Program Files\Java\jdk1.8.0_162\bin;C:\Program Files\nodejs\;C:\Program Files\erl9.2\bin;C:\Program Files (x86)\Elixir\bin;C:\Windows\system32\config\systemprofile\.mix\escripts;C:\PostgreSQL\pg10\bin;C:\Users\builehieu\AppData\Local\Microsoft\WindowsApps;C:\Users\builehieu\AppData\Local\GitHubDesktop\bin;C:\Users\builehieu\AppData\Roaming\npm;C:\Program Files\Microsoft VS Code\bin;C:\Users\builehieu\AppData\Local\Android\Sdk\platform-tools;
USERNAME=builehieu
OS=Windows_NT
PROCESSOR_IDENTIFIER=Intel64 Family 6 Model 158 Stepping 9, GenuineIntel



---------------  S Y S T E M  ---------------

OS: Windows 10.0 , 64 bit Build 16299 (10.0.16299.15)

CPU:total 4 (initial active 4) (4 cores per cpu, 1 threads per core) family 6 model 158 stepping 9, cmov, cx8, fxsr, mmx, sse, sse2, sse3, ssse3, sse4.1, sse4.2, popcnt, avx, avx2, aes, clmul, erms, 3dnowpref, lzcnt, tsc, tscinvbit, bmi1, bmi2, adx

Memory: 4k page, physical 8346484k(1870560k free), swap 11367692k(1720860k free)

vm_info: Java HotSpot(TM) 64-Bit Server VM (25.162-b12) for windows-amd64 JRE (1.8.0_162-b12), built on Dec 19 2017 20:00:03 by "java_re" with MS VC++ 10.0 (VS2010)

time: Sat Apr 14 13:30:17 2018
elapsed time: 3 seconds (0d 0h 0m 3s)

